[16/01/2024 15:16:17] package: mysql.connector.plugins
[16/01/2024 15:16:17] plugin_name: mysql_native_password
[16/01/2024 15:16:17] AUTHENTICATION_PLUGIN_CLASS: MySQLNativePasswordAuthPlugin
[16/01/2024 15:24:01] package: mysql.connector.plugins
[16/01/2024 15:24:01] plugin_name: mysql_native_password
[16/01/2024 15:24:01] AUTHENTICATION_PLUGIN_CLASS: MySQLNativePasswordAuthPlugin
[16/01/2024 15:24:02] Generating SQL Cursor
[16/01/2024 15:24:02] Executing queries
[16/01/2024 15:24:04] Generatin dataframe
[16/01/2024 15:24:06] Generatin dataframe
[16/01/2024 15:24:08] Generatin dataframe
[16/01/2024 15:24:10] Generatin dataframe
[16/01/2024 15:24:12] Generatin dataframe
[16/01/2024 15:24:13] Generatin dataframe
[16/01/2024 15:24:15] Generatin dataframe
[16/01/2024 15:24:17] Generatin dataframe
[16/01/2024 15:24:18] Generatin dataframe
[16/01/2024 15:24:20] Generatin dataframe
[16/01/2024 15:24:21] Generatin dataframe
[16/01/2024 15:24:23] Generatin dataframe
[16/01/2024 15:24:25] Generatin dataframe
[16/01/2024 15:24:26] Generatin dataframe
[16/01/2024 15:24:28] Generatin dataframe
[16/01/2024 15:24:30] Generatin dataframe
[16/01/2024 15:24:31] Creating A1 leads DataFrame
[16/01/2024 15:24:31] Generating location files path..
[16/01/2024 15:24:31] Exporting DataFrame to CSV into location..
[17/01/2024 19:02:50] package: mysql.connector.plugins
[17/01/2024 19:02:50] plugin_name: mysql_native_password
[17/01/2024 19:02:50] AUTHENTICATION_PLUGIN_CLASS: MySQLNativePasswordAuthPlugin
[17/01/2024 19:02:50] Generating SQL Cursor
[17/01/2024 19:02:50] Executing queries
[17/01/2024 19:02:53] Generating dataframe
[17/01/2024 19:02:54] Generating dataframe
[17/01/2024 19:02:56] Generating dataframe
[17/01/2024 19:02:58] Generating dataframe
[17/01/2024 19:03:00] Generating dataframe
[17/01/2024 19:03:01] Generating dataframe
[17/01/2024 19:03:03] Generating dataframe
[17/01/2024 19:03:05] Generating dataframe
[17/01/2024 19:03:06] Generating dataframe
[17/01/2024 19:03:08] Generating dataframe
[17/01/2024 19:03:09] Generating dataframe
[17/01/2024 19:03:11] Generating dataframe
[17/01/2024 19:03:12] Generating dataframe
[17/01/2024 19:03:14] Generating dataframe
[17/01/2024 19:03:16] Generating dataframe
[17/01/2024 19:03:17] Generating dataframe
[17/01/2024 19:03:19] Creating A1 leads DataFrame
[17/01/2024 19:03:19] Generating location files path..
[17/01/2024 19:03:19] Exporting DataFrame to CSV into location..
[17/01/2024 19:20:33] package: mysql.connector.plugins
[17/01/2024 19:20:33] plugin_name: mysql_native_password
[17/01/2024 19:20:33] AUTHENTICATION_PLUGIN_CLASS: MySQLNativePasswordAuthPlugin
[17/01/2024 19:20:33] Generating SQL Cursor
[17/01/2024 19:20:34] Executing queries
[17/01/2024 19:20:36] Generating dataframe
[17/01/2024 19:20:38] Generating dataframe
[17/01/2024 19:20:39] Generating dataframe
[17/01/2024 19:20:41] Generating dataframe
[17/01/2024 19:20:43] Generating dataframe
[17/01/2024 19:20:45] Generating dataframe
[17/01/2024 19:20:46] Generating dataframe
[17/01/2024 19:20:48] Generating dataframe
[17/01/2024 19:20:50] Generating dataframe
[17/01/2024 19:20:51] Generating dataframe
[17/01/2024 19:20:53] Generating dataframe
[17/01/2024 19:20:54] Generating dataframe
[17/01/2024 19:20:56] Generating dataframe
[17/01/2024 19:20:58] Generating dataframe
[17/01/2024 19:20:59] Generating dataframe
[17/01/2024 19:21:01] Generating dataframe
[17/01/2024 19:21:02] Creating A1 leads DataFrame
[17/01/2024 19:21:02] Generating location files path..
[17/01/2024 19:21:02] Exporting DataFrame to CSV into location..
[18/01/2024 13:52:21] package: mysql.connector.plugins
[18/01/2024 13:52:21] plugin_name: mysql_native_password
[18/01/2024 13:52:21] AUTHENTICATION_PLUGIN_CLASS: MySQLNativePasswordAuthPlugin
[18/01/2024 13:52:22] Generating SQL Cursor
[18/01/2024 13:52:22] Executing queries
[18/01/2024 13:52:28] Generating dataframe
[18/01/2024 13:52:30] Generating dataframe
[18/01/2024 13:52:32] Generating dataframe
[18/01/2024 13:52:34] Generating dataframe
[18/01/2024 13:52:36] Generating dataframe
[18/01/2024 13:52:38] Generating dataframe
[18/01/2024 13:52:39] Generating dataframe
[18/01/2024 13:52:41] Generating dataframe
[18/01/2024 13:52:42] Generating dataframe
[18/01/2024 13:52:44] Generating dataframe
[18/01/2024 13:52:46] Generating dataframe
[18/01/2024 13:52:47] Generating dataframe
[18/01/2024 13:52:49] Generating dataframe
[18/01/2024 13:52:51] Generating dataframe
[18/01/2024 13:52:52] Generating dataframe
[18/01/2024 13:52:54] Generating dataframe
[18/01/2024 13:55:27] package: mysql.connector.plugins
[18/01/2024 13:55:27] plugin_name: mysql_native_password
[18/01/2024 13:55:27] AUTHENTICATION_PLUGIN_CLASS: MySQLNativePasswordAuthPlugin
[18/01/2024 13:55:27] Generating SQL Cursor
[18/01/2024 13:55:28] Executing queries
[18/01/2024 13:55:30] Generating dataframe
[18/01/2024 13:55:32] Generating dataframe
[18/01/2024 13:55:34] Generating dataframe
[18/01/2024 13:55:35] Generating dataframe
[18/01/2024 13:55:37] Generating dataframe
[18/01/2024 13:55:39] Generating dataframe
[18/01/2024 13:55:40] Generating dataframe
[18/01/2024 13:55:42] Generating dataframe
[18/01/2024 13:55:44] Generating dataframe
[18/01/2024 13:55:45] Generating dataframe
[18/01/2024 13:55:47] Generating dataframe
[18/01/2024 13:55:48] Generating dataframe
[18/01/2024 13:55:50] Generating dataframe
[18/01/2024 13:55:52] Generating dataframe
[18/01/2024 13:55:53] Generating dataframe
[18/01/2024 13:55:55] Generating dataframe
[18/01/2024 13:55:56] Creating A1 leads DataFrame
[18/01/2024 13:55:56] Generating location files path..
[18/01/2024 13:55:56] Exporting DataFrame to CSV into location..
[18/01/2024 14:16:43] package: mysql.connector.plugins
[18/01/2024 14:16:43] plugin_name: mysql_native_password
[18/01/2024 14:16:43] AUTHENTICATION_PLUGIN_CLASS: MySQLNativePasswordAuthPlugin
[18/01/2024 14:16:44] Generating SQL Cursor
[18/01/2024 14:16:44] Executing queries
[18/01/2024 14:16:46] Generating dataframe
[18/01/2024 14:16:48] Generating dataframe
[18/01/2024 14:16:50] Generating dataframe
[18/01/2024 14:16:51] Generating dataframe
[18/01/2024 14:16:53] Generating dataframe
[18/01/2024 14:16:55] Generating dataframe
[18/01/2024 14:16:56] Generating dataframe
[18/01/2024 14:16:58] Generating dataframe
[18/01/2024 14:16:59] Generating dataframe
[18/01/2024 14:17:01] Generating dataframe
[18/01/2024 14:17:03] Generating dataframe
[18/01/2024 14:17:05] Generating dataframe
[18/01/2024 14:17:07] Generating dataframe
[18/01/2024 14:17:09] Generating dataframe
[18/01/2024 14:17:10] Generating dataframe
[18/01/2024 14:17:12] Generating dataframe
[18/01/2024 14:17:13] Creating A1 leads DataFrame
[18/01/2024 14:17:13] Generating location files path..
[18/01/2024 14:17:13] Exporting DataFrame to CSV into location..
[18/01/2024 14:19:05] package: mysql.connector.plugins
[18/01/2024 14:19:05] plugin_name: mysql_native_password
[18/01/2024 14:19:05] AUTHENTICATION_PLUGIN_CLASS: MySQLNativePasswordAuthPlugin
[18/01/2024 14:19:06] Generating SQL Cursor
[18/01/2024 14:19:06] Executing queries
[18/01/2024 14:19:08] Generating dataframe
[18/01/2024 14:19:10] Generating dataframe
[18/01/2024 14:19:12] Generating dataframe
[18/01/2024 14:19:14] Generating dataframe
[18/01/2024 14:19:15] Generating dataframe
[18/01/2024 14:19:17] Generating dataframe
[18/01/2024 14:19:19] Generating dataframe
[18/01/2024 14:19:20] Generating dataframe
[18/01/2024 14:19:22] Generating dataframe
[18/01/2024 14:19:23] Generating dataframe
[18/01/2024 14:19:25] Generating dataframe
[18/01/2024 14:19:27] Generating dataframe
[18/01/2024 14:19:28] Generating dataframe
[18/01/2024 14:19:30] Generating dataframe
[18/01/2024 14:19:31] Generating dataframe
[18/01/2024 14:19:33] Generating dataframe
[18/01/2024 14:19:34] Creating A1 leads DataFrame
[18/01/2024 14:19:34] Generating location files path..
[18/01/2024 14:19:34] Exporting DataFrame to CSV into location..
